[2017-08-23 00:58:10]	Not valid license or your license expired! Please feel free to contact the author!path=../\Data\keyExtract.user
[2017-08-23 00:58:10]	Not valid license or your license expired! Please feel free to contact the author! path=../\Data\NewWordFinder.user
[2017-08-23 00:58:10]	Not valid license or your license expired! Please feel free to contact the author! path=../\Data\DocExtractor.user
[2017-08-23 00:58:10]	Not valid license or your license expired! Please feel free to contact the author! path=../\Data\KeyScanner\keyScan.user
[2017-08-23 00:58:33]	Not valid license or your license expired! Please feel free to contact the author! path=../Data/SentimentNew\Data\sentiment.user
[2017-08-23 00:58:42]	Not valid license or your license expired! Please feel free to contact the author! path=..\Data\Cluster\Data\cluster.user
[2017-08-23 01:00:02]	Not valid license or your license expired! Please feel free to contact the author!path=../\Data\keyExtract.user
[2017-08-23 01:00:02]	Not valid license or your license expired! Please feel free to contact the author! path=../\Data\NewWordFinder.user
[2017-08-23 01:00:02]	Not valid license or your license expired! Please feel free to contact the author! path=../\Data\DocExtractor.user
[2017-08-23 01:00:02]	Not valid license or your license expired! Please feel free to contact the author! path=../\Data\KeyScanner\keyScan.user
[2017-08-23 01:00:33]	Not valid license or your license expired! Please feel free to contact the author! path=../Data/SentimentNew\Data\sentiment.user
[2017-08-23 01:01:59]	Not valid license or your license expired! Please feel free to contact the author!path=../\Data\keyExtract.user
[2017-08-23 01:01:59]	Not valid license or your license expired! Please feel free to contact the author! path=../\Data\NewWordFinder.user
[2017-08-23 01:01:59]	Not valid license or your license expired! Please feel free to contact the author! path=../\Data\DocExtractor.user
[2017-08-23 01:01:59]	Not valid license or your license expired! Please feel free to contact the author! path=../\Data\KeyScanner\keyScan.user
[2017-08-23 01:02:17]	Failed Open file D:\Ã‚ø‚œµÕ≥\github\team\redmomery\NLRedmomery\NLPIR\bin-win64\output\NewTermlist.txt
[2017-08-23 01:03:16]	Not valid license or your license expired! Please feel free to contact the author!path=../\Data\keyExtract.user
[2017-08-23 01:03:16]	Not valid license or your license expired! Please feel free to contact the author! path=../\Data\DocExtractor.user
[2017-08-23 01:03:16]	Not valid license or your license expired! Please feel free to contact the author! path=../\Data\KeyScanner\keyScan.user
[2017-08-23 16:39:12]	Not valid license or your license expired! Please feel free to contact the author!path=../\Data\keyExtract.user
[2017-08-23 16:39:12]	Not valid license or your license expired! Please feel free to contact the author! path=../\Data\DocExtractor.user
[2017-08-23 16:39:12]	Not valid license or your license expired! Please feel free to contact the author! path=../\Data\KeyScanner\keyScan.user
[2017-08-23 17:06:46]	Not valid license or your license expired! Please feel free to contact the author!path=../\Data\keyExtract.user
[2017-08-23 17:06:46]	Not valid license or your license expired! Please feel free to contact the author! path=../\Data\DocExtractor.user
[2017-08-23 17:06:46]	Not valid license or your license expired! Please feel free to contact the author! path=../\Data\KeyScanner\keyScan.user
